<?xml version="1.0" encoding="UTF-8"?>
<testsuite xmlns:xsi="http://www.w3.org/2001/XMLSchema-instance" xsi:noNamespaceSchemaLocation="https://maven.apache.org/surefire/maven-surefire-plugin/xsd/surefire-test-report-3.0.xsd" version="3.0" name="com.fdmgroup.stepdefinitions.TestRunner" time="267.167" tests="8" errors="0" skipped="0" failures="0">
  <properties>
[...]
</properties>
  <testcase name="Verify submenu item displayed under Bank Accounts" classname="As a customer" time="12.631">
    <system-out><![CDATA[
Scenario: Verify submenu item displayed under Bank Accounts                                                               # src/test/resources/Features/F1_BankAccountsNavigation.feature:11
  Given user is on the Scotiabank Personal Banking home page                                                              # com.fdmgroup.stepdefinitions.BankAccNavigation_Stedef.user_is_on_the_scotiabank_personal_banking_home_page()
  And Scotiabank logo is displayed                                                                                        # com.fdmgroup.stepdefinitions.BankAccNavigation_Stedef.scotiabank_logo_is_displayed()
  When user hovers mouse over the "Bank Accounts" menu option                                                             # com.fdmgroup.stepdefinitions.BankAccNavigation_Stedef.user_hovers_mouse_over_the_menu_option(java.lang.String)
  And user clicks on "Chequing accounts" from the dropdown                                                                # com.fdmgroup.stepdefinitions.BankAccNavigation_Stedef.user_clicks_on_from_the_dropdown(java.lang.String)
  Then user should be navigated to the Chequing Accounts page with title containing "Discover Scotia's chequing accounts" # com.fdmgroup.stepdefinitions.BankAccNavigation_Stedef.user_should_be_navigated_to_the_chequing_accounts_page_with_title_containing(java.lang.String)
]]></system-out>
  </testcase>
  <testcase name="Apply as a new customer and reach eligibility message" classname="As a customer" time="28.44">
    <system-out><![CDATA[
Scenario: Apply as a new customer and reach eligibility message                       # src/test/resources/Features/F1_BankAccountsNavigation.feature:16
  Given user is on the Scotiabank Personal Banking home page                          # com.fdmgroup.stepdefinitions.BankAccNavigation_Stedef.user_is_on_the_scotiabank_personal_banking_home_page()
  And Scotiabank logo is displayed                                                    # com.fdmgroup.stepdefinitions.BankAccNavigation_Stedef.scotiabank_logo_is_displayed()
  When user hovers mouse over the "Bank Accounts" menu option                         # com.fdmgroup.stepdefinitions.BankAccNavigation_Stedef.user_hovers_mouse_over_the_menu_option(java.lang.String)
  And user clicks on "Chequing accounts" from the dropdown                            # com.fdmgroup.stepdefinitions.BankAccNavigation_Stedef.user_clicks_on_from_the_dropdown(java.lang.String)
  And user clicks "Open an account" on the "Ultimate Package"                         # com.fdmgroup.stepdefinitions.BankAccNavigation_Stedef.user_clicks_on_the(java.lang.String,java.lang.String)
  And user selects "No" on the application question                                   # com.fdmgroup.stepdefinitions.BankAccNavigation_Stedef.user_selects_on_the_application_question(java.lang.String)
  Then "Apply as a new customer" button should be displayed                           # com.fdmgroup.stepdefinitions.BankAccNavigation_Stedef.button_should_be_displayed(java.lang.String)
  When user clicks on "Apply as a new customer"                                       # com.fdmgroup.stepdefinitions.BankAccNavigation_Stedef.user_clicks_on(java.lang.String)
  Then the page header should contain "Are you a Canadian citizen?"                   # com.fdmgroup.stepdefinitions.BankAccNavigation_Stedef.the_page_header_should_contain(java.lang.String)
  When user selects "No" on the citizenship question                                  # com.fdmgroup.stepdefinitions.BankAccNavigation_Stedef.user_selects_on_the_citizenship_question(java.lang.String)
  And user selects immigration status "Other"                                         # com.fdmgroup.stepdefinitions.BankAccNavigation_Stedef.user_selects_immigration_status(java.lang.String)
  And user clicks "Continue"                                                          # com.fdmgroup.stepdefinitions.BankAccNavigation_Stedef.user_clicks(java.lang.String)
  Then the message "Sorry, we can’t complete your request online" should be displayed # com.fdmgroup.stepdefinitions.BankAccNavigation_Stedef.the_message_should_be_displayed(java.lang.String)
]]></system-out>
  </testcase>
  <testcase name="Navigation" classname="As a user" time="26.672">
    <system-out><![CDATA[
Scenario: Navigation                                            # src/test/resources/Features/F2_MortgageCalculator.feature:9
  Given user is on the Scotiabank Personal Banking home page    # com.fdmgroup.stepdefinitions.BankAccNavigation_Stedef.user_is_on_the_scotiabank_personal_banking_home_page()
  And Scotiabank logo is displayed                              # com.fdmgroup.stepdefinitions.BankAccNavigation_Stedef.scotiabank_logo_is_displayed()
  When user hovers mouse over the "Mortgages" menu option       # com.fdmgroup.stepdefinitions.BankAccNavigation_Stedef.user_hovers_mouse_over_the_menu_option(java.lang.String)
  And user clicks on "Mortgage calculator" from the dropdown    # com.fdmgroup.stepdefinitions.BankAccNavigation_Stedef.user_clicks_on_from_the_dropdown(java.lang.String)
  Then user should be navigated to the Mortgage Calculator page # com.fdmgroup.stepdefinitions.MortgageCalcStepDef.user_should_be_navigated_to_the_mortgage_calculator_page()
  And the page title should contain "Mortgage Calculator"       # com.fdmgroup.stepdefinitions.MortgageCalcStepDef.the_page_title_should_contain(java.lang.String)
]]></system-out>
  </testcase>
  <testcase name="Mortgage payment calculation" classname="As a user" time="19.154">
    <system-out><![CDATA[
Scenario: Mortgage payment calculation                       # src/test/resources/Features/F2_MortgageCalculator.feature:15
  Given user is on the Scotiabank Personal Banking home page # com.fdmgroup.stepdefinitions.BankAccNavigation_Stedef.user_is_on_the_scotiabank_personal_banking_home_page()
  And Scotiabank logo is displayed                           # com.fdmgroup.stepdefinitions.BankAccNavigation_Stedef.scotiabank_logo_is_displayed()
  Given user is on Mortgage page                             # com.fdmgroup.stepdefinitions.MortgageCalcStepDef.user_is_on_mortgage_page()
  And user selects payment frequency                         # com.fdmgroup.stepdefinitions.MortgageCalcStepDef.user_selects_payment_frequency()
  And user selects type of mortgage                          # com.fdmgroup.stepdefinitions.MortgageCalcStepDef.user_selects_type_of_mortgage()
  Then the monthly payment displayed should be correct       # com.fdmgroup.stepdefinitions.MortgageCalcStepDef.the_monthly_payment_displayed_should_be()
]]></system-out>
  </testcase>
  <testcase name="User navigates to the Sign-In page" classname="As a Scotiabank user" time="37.902">
    <system-out><![CDATA[
Scenario: User navigates to the Sign-In page                                           # src/test/resources/Features/F3_SignIn.feature:12
  Given user is on the Scotiabank Personal Banking home page                           # com.fdmgroup.stepdefinitions.BankAccNavigation_Stedef.user_is_on_the_scotiabank_personal_banking_home_page()
  And Scotiabank logo is displayed                                                     # com.fdmgroup.stepdefinitions.BankAccNavigation_Stedef.scotiabank_logo_is_displayed()
  When user clicks on "Sign In" button                                                 # com.fdmgroup.stepdefinitions.SignInStepDef.user_clicks_on_button(java.lang.String)
  Then user should be navigated to the Sign-In page with title containing "Welcome to" # com.fdmgroup.stepdefinitions.SignInStepDef.user_should_be_navigated_to_the_sign_in_page_with_title_containing(java.lang.String)
]]></system-out>
  </testcase>
  <testcase name="Sign-In validation error messages #1" classname="As a Scotiabank user" time="47.311">
    <system-out><![CDATA[
Scenario Outline: Sign-In validation error messages          # src/test/resources/Features/F3_SignIn.feature:25
  Given user is on the Scotiabank Personal Banking home page # com.fdmgroup.stepdefinitions.BankAccNavigation_Stedef.user_is_on_the_scotiabank_personal_banking_home_page()
  And Scotiabank logo is displayed                           # com.fdmgroup.stepdefinitions.BankAccNavigation_Stedef.scotiabank_logo_is_displayed()
  When user clicks on "Sign In" button                       # com.fdmgroup.stepdefinitions.SignInStepDef.user_clicks_on_button(java.lang.String)
  And user enters username ""                                # com.fdmgroup.stepdefinitions.SignInStepDef.user_enters_username(java.lang.String)
  And user enters password "test@123"                        # com.fdmgroup.stepdefinitions.SignInStepDef.user_enters_password(java.lang.String)
  And user clicks on Sign-In button                          # com.fdmgroup.stepdefinitions.SignInStepDef.user_clicks_on_sign_in_button()
]]></system-out>
  </testcase>
  <testcase name="Sign-In validation error messages #2" classname="As a Scotiabank user" time="43.782">
    <system-out><![CDATA[
Scenario Outline: Sign-In validation error messages          # src/test/resources/Features/F3_SignIn.feature:26
  Given user is on the Scotiabank Personal Banking home page # com.fdmgroup.stepdefinitions.BankAccNavigation_Stedef.user_is_on_the_scotiabank_personal_banking_home_page()
  And Scotiabank logo is displayed                           # com.fdmgroup.stepdefinitions.BankAccNavigation_Stedef.scotiabank_logo_is_displayed()
  When user clicks on "Sign In" button                       # com.fdmgroup.stepdefinitions.SignInStepDef.user_clicks_on_button(java.lang.String)
  And user enters username "wrongUser"                       # com.fdmgroup.stepdefinitions.SignInStepDef.user_enters_username(java.lang.String)
  And user enters password ""                                # com.fdmgroup.stepdefinitions.SignInStepDef.user_enters_password(java.lang.String)
  And user clicks on Sign-In button                          # com.fdmgroup.stepdefinitions.SignInStepDef.user_clicks_on_sign_in_button()
]]></system-out>
  </testcase>
  <testcase name="Sign-In validation error messages #3" classname="As a Scotiabank user" time="45.642">
    <system-out><![CDATA[
Scenario Outline: Sign-In validation error messages          # src/test/resources/Features/F3_SignIn.feature:27
  Given user is on the Scotiabank Personal Banking home page # com.fdmgroup.stepdefinitions.BankAccNavigation_Stedef.user_is_on_the_scotiabank_personal_banking_home_page()
  And Scotiabank logo is displayed                           # com.fdmgroup.stepdefinitions.BankAccNavigation_Stedef.scotiabank_logo_is_displayed()
  When user clicks on "Sign In" button                       # com.fdmgroup.stepdefinitions.SignInStepDef.user_clicks_on_button(java.lang.String)
  And user enters username "invalidUser"                     # com.fdmgroup.stepdefinitions.SignInStepDef.user_enters_username(java.lang.String)
  And user enters password "invalidPass"                     # com.fdmgroup.stepdefinitions.SignInStepDef.user_enters_password(java.lang.String)
  And user clicks on Sign-In button                          # com.fdmgroup.stepdefinitions.SignInStepDef.user_clicks_on_sign_in_button()
]]></system-out>
  </testcase>
</testsuite>