<?xml version="1.0" encoding="UTF-8"?>
<testsuite xmlns:xsi="http://www.w3.org/2001/XMLSchema-instance" xsi:noNamespaceSchemaLocation="https://maven.apache.org/surefire/maven-surefire-plugin/xsd/surefire-test-report-3.0.xsd" version="3.0" name="com.fdmgroup.stepdefinitions.TestRunner" time="231.071" tests="8" errors="1" skipped="0" failures="0">
  <properties>
[...]
</properties>
  <testcase name="Verify submenu item displayed under Bank Accounts" classname="As a customer" time="10.67">
    <error message="element not interactable: https://www.scotiabank.com/ca/en/personal/bank-accounts/chequing-accounts.html has no size and location&#10;  (Session info: chrome=142.0.7444.176)&#10;Build info: version: &apos;4.38.0&apos;, revision: &apos;6b412e825c*&apos;&#10;System info: os.name: &apos;Windows 11&apos;, os.arch: &apos;amd64&apos;, os.version: &apos;10.0&apos;, java.version: &apos;21.0.7&apos;&#10;Driver info: org.openqa.selenium.chrome.ChromeDriver&#10;Command: [13ec09792e99d9d89bb07f1745cc8f6e, actions {actions=[org.openqa.selenium.interactions.Sequence@6f139fc9]}]&#10;Capabilities {acceptInsecureCerts: false, browserName: chrome, browserVersion: 142.0.7444.176, chrome: {chromedriverVersion: 142.0.7444.175 (302067f14a4..., userDataDir: C:\Users\appun\AppData\Loca...}, fedcm:accounts: true, goog:chromeOptions: {debuggerAddress: localhost:50752}, goog:processID: 7676, networkConnectionEnabled: false, pageLoadStrategy: normal, platformName: windows, proxy: Proxy(), se:cdp: ws://localhost:50752/devtoo..., se:cdpVersion: 142.0.7444.176, setWindowRect: true, strictFileInteractability: false, timeouts: {implicit: 0, pageLoad: 300000, script: 30000}, unhandledPromptBehavior: dismiss and notify, webauthn:extension:credBlob: true, webauthn:extension:largeBlob: true, webauthn:extension:minPinLength: true, webauthn:extension:prf: true, webauthn:virtualAuthenticators: true}&#10;Session ID: 13ec09792e99d9d89bb07f1745cc8f6e" type="org.openqa.selenium.ElementNotInteractableException"><![CDATA[org.openqa.selenium.ElementNotInteractableException: 
element not interactable: https://www.scotiabank.com/ca/en/personal/bank-accounts/chequing-accounts.html has no size and location
  (Session info: chrome=142.0.7444.176)
Build info: version: '4.38.0', revision: '6b412e825c*'
System info: os.name: 'Windows 11', os.arch: 'amd64', os.version: '10.0', java.version: '21.0.7'
Driver info: org.openqa.selenium.chrome.ChromeDriver
Command: [13ec09792e99d9d89bb07f1745cc8f6e, actions {actions=[org.openqa.selenium.interactions.Sequence@6f139fc9]}]
Capabilities {acceptInsecureCerts: false, browserName: chrome, browserVersion: 142.0.7444.176, chrome: {chromedriverVersion: 142.0.7444.175 (302067f14a4..., userDataDir: C:\Users\appun\AppData\Loca...}, fedcm:accounts: true, goog:chromeOptions: {debuggerAddress: localhost:50752}, goog:processID: 7676, networkConnectionEnabled: false, pageLoadStrategy: normal, platformName: windows, proxy: Proxy(), se:cdp: ws://localhost:50752/devtoo..., se:cdpVersion: 142.0.7444.176, setWindowRect: true, strictFileInteractability: false, timeouts: {implicit: 0, pageLoad: 300000, script: 30000}, unhandledPromptBehavior: dismiss and notify, webauthn:extension:credBlob: true, webauthn:extension:largeBlob: true, webauthn:extension:minPinLength: true, webauthn:extension:prf: true, webauthn:virtualAuthenticators: true}
Session ID: 13ec09792e99d9d89bb07f1745cc8f6e
	at java.base/jdk.internal.reflect.DirectConstructorHandleAccessor.newInstance(DirectConstructorHandleAccessor.java:62)
	at java.base/java.lang.reflect.Constructor.newInstanceWithCaller(Constructor.java:502)
	at java.base/java.lang.reflect.Constructor.newInstance(Constructor.java:486)
	at org.openqa.selenium.remote.ErrorCodec.decode(ErrorCodec.java:167)
	at org.openqa.selenium.remote.codec.w3c.W3CHttpResponseCodec.decode(W3CHttpResponseCodec.java:138)
	at org.openqa.selenium.remote.codec.w3c.W3CHttpResponseCodec.decode(W3CHttpResponseCodec.java:50)
	at org.openqa.selenium.remote.HttpCommandExecutor.execute(HttpCommandExecutor.java:215)
	at org.openqa.selenium.remote.service.DriverCommandExecutor.invokeExecute(DriverCommandExecutor.java:216)
	at org.openqa.selenium.remote.service.DriverCommandExecutor.execute(DriverCommandExecutor.java:174)
	at org.openqa.selenium.remote.RemoteWebDriver.execute(RemoteWebDriver.java:557)
	at org.openqa.selenium.remote.RemoteWebDriver.perform(RemoteWebDriver.java:647)
	at org.openqa.selenium.interactions.Actions$BuiltAction.perform(Actions.java:616)
	at org.openqa.selenium.interactions.Actions.perform(Actions.java:581)
	at com.fdmgroup.stepdefinitions.BankAccNavigation_Stedef.user_clicks_on_from_the_dropdown(BankAccNavigation_Stedef.java:44)
	at ✽.user clicks on "Chequing accounts" from the dropdown(file:///C:/Users/appun/eclipse-workspace/ScotiaBankProject/src/test/resources/Features/F1_BankAccountsNavigation.feature:13)
]]></error>
    <system-out><![CDATA[
Scenario: Verify submenu item displayed under Bank Accounts                                                               # src/test/resources/Features/F1_BankAccountsNavigation.feature:11
  Given user is on the Scotiabank Personal Banking home page                                                              # com.fdmgroup.stepdefinitions.BankAccNavigation_Stedef.user_is_on_the_scotiabank_personal_banking_home_page()
  And Scotiabank logo is displayed                                                                                        # com.fdmgroup.stepdefinitions.BankAccNavigation_Stedef.scotiabank_logo_is_displayed()
  When user hovers mouse over the "Bank Accounts" menu option                                                             # com.fdmgroup.stepdefinitions.BankAccNavigation_Stedef.user_hovers_mouse_over_the_menu_option(java.lang.String)
  And user clicks on "Chequing accounts" from the dropdown                                                                # com.fdmgroup.stepdefinitions.BankAccNavigation_Stedef.user_clicks_on_from_the_dropdown(java.lang.String)
      org.openqa.selenium.ElementNotInteractableException: element not interactable: https://www.scotiabank.com/ca/en/personal/bank-accounts/chequing-accounts.html has no size and location
  (Session info: chrome=142.0.7444.176)
Build info: version: '4.38.0', revision: '6b412e825c*'
System info: os.name: 'Windows 11', os.arch: 'amd64', os.version: '10.0', java.version: '21.0.7'
Driver info: org.openqa.selenium.chrome.ChromeDriver
Command: [13ec09792e99d9d89bb07f1745cc8f6e, actions {actions=[org.openqa.selenium.interactions.Sequence@6f139fc9]}]
Capabilities {acceptInsecureCerts: false, browserName: chrome, browserVersion: 142.0.7444.176, chrome: {chromedriverVersion: 142.0.7444.175 (302067f14a4..., userDataDir: C:\Users\appun\AppData\Loca...}, fedcm:accounts: true, goog:chromeOptions: {debuggerAddress: localhost:50752}, goog:processID: 7676, networkConnectionEnabled: false, pageLoadStrategy: normal, platformName: windows, proxy: Proxy(), se:cdp: ws://localhost:50752/devtoo..., se:cdpVersion: 142.0.7444.176, setWindowRect: true, strictFileInteractability: false, timeouts: {implicit: 0, pageLoad: 300000, script: 30000}, unhandledPromptBehavior: dismiss and notify, webauthn:extension:credBlob: true, webauthn:extension:largeBlob: true, webauthn:extension:minPinLength: true, webauthn:extension:prf: true, webauthn:virtualAuthenticators: true}
Session ID: 13ec09792e99d9d89bb07f1745cc8f6e
	at java.base/jdk.internal.reflect.DirectConstructorHandleAccessor.newInstance(DirectConstructorHandleAccessor.java:62)
	at java.base/java.lang.reflect.Constructor.newInstanceWithCaller(Constructor.java:502)
	at java.base/java.lang.reflect.Constructor.newInstance(Constructor.java:486)
	at org.openqa.selenium.remote.ErrorCodec.decode(ErrorCodec.java:167)
	at org.openqa.selenium.remote.codec.w3c.W3CHttpResponseCodec.decode(W3CHttpResponseCodec.java:138)
	at org.openqa.selenium.remote.codec.w3c.W3CHttpResponseCodec.decode(W3CHttpResponseCodec.java:50)
	at org.openqa.selenium.remote.HttpCommandExecutor.execute(HttpCommandExecutor.java:215)
	at org.openqa.selenium.remote.service.DriverCommandExecutor.invokeExecute(DriverCommandExecutor.java:216)
	at org.openqa.selenium.remote.service.DriverCommandExecutor.execute(DriverCommandExecutor.java:174)
	at org.openqa.selenium.remote.RemoteWebDriver.execute(RemoteWebDriver.java:557)
	at org.openqa.selenium.remote.RemoteWebDriver.perform(RemoteWebDriver.java:647)
	at org.openqa.selenium.interactions.Actions$BuiltAction.perform(Actions.java:616)
	at org.openqa.selenium.interactions.Actions.perform(Actions.java:581)
	at com.fdmgroup.stepdefinitions.BankAccNavigation_Stedef.user_clicks_on_from_the_dropdown(BankAccNavigation_Stedef.java:44)
	at ✽.user clicks on "Chequing accounts" from the dropdown(file:///C:/Users/appun/eclipse-workspace/ScotiaBankProject/src/test/resources/Features/F1_BankAccountsNavigation.feature:13)

  Then user should be navigated to the Chequing Accounts page with title containing "Discover Scotia's chequing accounts" # com.fdmgroup.stepdefinitions.BankAccNavigation_Stedef.user_should_be_navigated_to_the_chequing_accounts_page_with_title_containing(java.lang.String)
]]></system-out>
    <system-err><![CDATA[SLF4J(W): No SLF4J providers were found.
SLF4J(W): Defaulting to no-operation (NOP) logger implementation
SLF4J(W): See https://www.slf4j.org/codes.html#noProviders for further details.
]]></system-err>
  </testcase>
  <testcase name="Apply as a new customer and reach eligibility message" classname="As a customer" time="27.062">
    <system-out><![CDATA[
Scenario: Apply as a new customer and reach eligibility message                       # src/test/resources/Features/F1_BankAccountsNavigation.feature:16
  Given user is on the Scotiabank Personal Banking home page                          # com.fdmgroup.stepdefinitions.BankAccNavigation_Stedef.user_is_on_the_scotiabank_personal_banking_home_page()
  And Scotiabank logo is displayed                                                    # com.fdmgroup.stepdefinitions.BankAccNavigation_Stedef.scotiabank_logo_is_displayed()
  When user hovers mouse over the "Bank Accounts" menu option                         # com.fdmgroup.stepdefinitions.BankAccNavigation_Stedef.user_hovers_mouse_over_the_menu_option(java.lang.String)
  And user clicks on "Chequing accounts" from the dropdown                            # com.fdmgroup.stepdefinitions.BankAccNavigation_Stedef.user_clicks_on_from_the_dropdown(java.lang.String)
  And user clicks "Open an account" on the "Ultimate Package"                         # com.fdmgroup.stepdefinitions.BankAccNavigation_Stedef.user_clicks_on_the(java.lang.String,java.lang.String)
  And user selects "No" on the application question                                   # com.fdmgroup.stepdefinitions.BankAccNavigation_Stedef.user_selects_on_the_application_question(java.lang.String)
  Then "Apply as a new customer" button should be displayed                           # com.fdmgroup.stepdefinitions.BankAccNavigation_Stedef.button_should_be_displayed(java.lang.String)
  When user clicks on "Apply as a new customer"                                       # com.fdmgroup.stepdefinitions.BankAccNavigation_Stedef.user_clicks_on(java.lang.String)
  Then the page header should contain "Are you a Canadian citizen?"                   # com.fdmgroup.stepdefinitions.BankAccNavigation_Stedef.the_page_header_should_contain(java.lang.String)
  When user selects "No" on the citizenship question                                  # com.fdmgroup.stepdefinitions.BankAccNavigation_Stedef.user_selects_on_the_citizenship_question(java.lang.String)
  And user selects immigration status "Other"                                         # com.fdmgroup.stepdefinitions.BankAccNavigation_Stedef.user_selects_immigration_status(java.lang.String)
  And user clicks "Continue"                                                          # com.fdmgroup.stepdefinitions.BankAccNavigation_Stedef.user_clicks(java.lang.String)
  Then the message "Sorry, we can’t complete your request online" should be displayed # com.fdmgroup.stepdefinitions.BankAccNavigation_Stedef.the_message_should_be_displayed(java.lang.String)
]]></system-out>
  </testcase>
  <testcase name="Navigation" classname="As a user" time="14.164">
    <system-out><![CDATA[
Scenario: Navigation                                            # src/test/resources/Features/F2_MortgageCalculator.feature:9
  Given user is on the Scotiabank Personal Banking home page    # com.fdmgroup.stepdefinitions.BankAccNavigation_Stedef.user_is_on_the_scotiabank_personal_banking_home_page()
  And Scotiabank logo is displayed                              # com.fdmgroup.stepdefinitions.BankAccNavigation_Stedef.scotiabank_logo_is_displayed()
  When user hovers mouse over the "Mortgages" menu option       # com.fdmgroup.stepdefinitions.BankAccNavigation_Stedef.user_hovers_mouse_over_the_menu_option(java.lang.String)
  And user clicks on "Mortgage calculator" from the dropdown    # com.fdmgroup.stepdefinitions.BankAccNavigation_Stedef.user_clicks_on_from_the_dropdown(java.lang.String)
  Then user should be navigated to the Mortgage Calculator page # com.fdmgroup.stepdefinitions.MortgageCalcStepDef.user_should_be_navigated_to_the_mortgage_calculator_page()
  And the page title should contain "Mortgage Calculator"       # com.fdmgroup.stepdefinitions.MortgageCalcStepDef.the_page_title_should_contain(java.lang.String)
]]></system-out>
  </testcase>
  <testcase name="Mortgage payment calculation" classname="As a user" time="17.667">
    <system-out><![CDATA[
Scenario: Mortgage payment calculation                       # src/test/resources/Features/F2_MortgageCalculator.feature:15
  Given user is on the Scotiabank Personal Banking home page # com.fdmgroup.stepdefinitions.BankAccNavigation_Stedef.user_is_on_the_scotiabank_personal_banking_home_page()
  And Scotiabank logo is displayed                           # com.fdmgroup.stepdefinitions.BankAccNavigation_Stedef.scotiabank_logo_is_displayed()
  Given user is on Mortgage page                             # com.fdmgroup.stepdefinitions.MortgageCalcStepDef.user_is_on_mortgage_page()
  And user selects payment frequency                         # com.fdmgroup.stepdefinitions.MortgageCalcStepDef.user_selects_payment_frequency()
  And user selects type of mortgage                          # com.fdmgroup.stepdefinitions.MortgageCalcStepDef.user_selects_type_of_mortgage()
  Then the monthly payment displayed should be correct       # com.fdmgroup.stepdefinitions.MortgageCalcStepDef.the_monthly_payment_displayed_should_be()
]]></system-out>
  </testcase>
  <testcase name="User navigates to the Sign-In page" classname="As a Scotiabank user" time="33.475">
    <system-out><![CDATA[
Scenario: User navigates to the Sign-In page                                           # src/test/resources/Features/F3_SignIn.feature:12
  Given user is on the Scotiabank Personal Banking home page                           # com.fdmgroup.stepdefinitions.BankAccNavigation_Stedef.user_is_on_the_scotiabank_personal_banking_home_page()
  And Scotiabank logo is displayed                                                     # com.fdmgroup.stepdefinitions.BankAccNavigation_Stedef.scotiabank_logo_is_displayed()
  When user clicks on "Sign In" button                                                 # com.fdmgroup.stepdefinitions.SignInStepDef.user_clicks_on_button(java.lang.String)
  Then user should be navigated to the Sign-In page with title containing "Welcome to" # com.fdmgroup.stepdefinitions.SignInStepDef.user_should_be_navigated_to_the_sign_in_page_with_title_containing(java.lang.String)
]]></system-out>
  </testcase>
  <testcase name="Sign-In validation error messages #1" classname="As a Scotiabank user" time="40.651">
    <system-out><![CDATA[
Scenario Outline: Sign-In validation error messages          # src/test/resources/Features/F3_SignIn.feature:25
  Given user is on the Scotiabank Personal Banking home page # com.fdmgroup.stepdefinitions.BankAccNavigation_Stedef.user_is_on_the_scotiabank_personal_banking_home_page()
  And Scotiabank logo is displayed                           # com.fdmgroup.stepdefinitions.BankAccNavigation_Stedef.scotiabank_logo_is_displayed()
  When user clicks on "Sign In" button                       # com.fdmgroup.stepdefinitions.SignInStepDef.user_clicks_on_button(java.lang.String)
  And user enters username ""                                # com.fdmgroup.stepdefinitions.SignInStepDef.user_enters_username(java.lang.String)
  And user enters password "test@123"                        # com.fdmgroup.stepdefinitions.SignInStepDef.user_enters_password(java.lang.String)
  And user clicks on Sign-In button                          # com.fdmgroup.stepdefinitions.SignInStepDef.user_clicks_on_sign_in_button()
]]></system-out>
  </testcase>
  <testcase name="Sign-In validation error messages #2" classname="As a Scotiabank user" time="40.731">
    <system-out><![CDATA[
Scenario Outline: Sign-In validation error messages          # src/test/resources/Features/F3_SignIn.feature:26
  Given user is on the Scotiabank Personal Banking home page # com.fdmgroup.stepdefinitions.BankAccNavigation_Stedef.user_is_on_the_scotiabank_personal_banking_home_page()
  And Scotiabank logo is displayed                           # com.fdmgroup.stepdefinitions.BankAccNavigation_Stedef.scotiabank_logo_is_displayed()
  When user clicks on "Sign In" button                       # com.fdmgroup.stepdefinitions.SignInStepDef.user_clicks_on_button(java.lang.String)
  And user enters username "wrongUser"                       # com.fdmgroup.stepdefinitions.SignInStepDef.user_enters_username(java.lang.String)
  And user enters password ""                                # com.fdmgroup.stepdefinitions.SignInStepDef.user_enters_password(java.lang.String)
  And user clicks on Sign-In button                          # com.fdmgroup.stepdefinitions.SignInStepDef.user_clicks_on_sign_in_button()
]]></system-out>
  </testcase>
  <testcase name="Sign-In validation error messages #3" classname="As a Scotiabank user" time="42.868">
    <system-out><![CDATA[
Scenario Outline: Sign-In validation error messages          # src/test/resources/Features/F3_SignIn.feature:27
  Given user is on the Scotiabank Personal Banking home page # com.fdmgroup.stepdefinitions.BankAccNavigation_Stedef.user_is_on_the_scotiabank_personal_banking_home_page()
  And Scotiabank logo is displayed                           # com.fdmgroup.stepdefinitions.BankAccNavigation_Stedef.scotiabank_logo_is_displayed()
  When user clicks on "Sign In" button                       # com.fdmgroup.stepdefinitions.SignInStepDef.user_clicks_on_button(java.lang.String)
  And user enters username "invalidUser"                     # com.fdmgroup.stepdefinitions.SignInStepDef.user_enters_username(java.lang.String)
  And user enters password "invalidPass"                     # com.fdmgroup.stepdefinitions.SignInStepDef.user_enters_password(java.lang.String)
  And user clicks on Sign-In button                          # com.fdmgroup.stepdefinitions.SignInStepDef.user_clicks_on_sign_in_button()
]]></system-out>
  </testcase>
</testsuite>