<?xml version="1.0" encoding="UTF-8"?>
<testsuite xmlns:xsi="http://www.w3.org/2001/XMLSchema-instance" xsi:noNamespaceSchemaLocation="https://maven.apache.org/surefire/maven-surefire-plugin/xsd/surefire-test-report-3.0.xsd" version="3.0" name="com.fdmgroup.stepdefinitions.TestRunner" time="231.071" tests="8" errors="1" skipped="0" failures="0">
  <properties>
    <property name="java.specification.version" value="21"/>
    <property name="sun.cpu.isalist" value="amd64"/>
    <property name="sun.jnu.encoding" value="Cp1252"/>
    <property name="java.class.path" value="C:\Users\appun\eclipse-workspace\ScotiaBankProject\target\test-classes;C:\Users\appun\eclipse-workspace\ScotiaBankProject\target\classes;C:\Users\appun\.m2\repository\org\seleniumhq\selenium\selenium-java\4.38.0\selenium-java-4.38.0.jar;C:\Users\appun\.m2\repository\org\seleniumhq\selenium\selenium-api\4.38.0\selenium-api-4.38.0.jar;C:\Users\appun\.m2\repository\org\jspecify\jspecify\1.0.0\jspecify-1.0.0.jar;C:\Users\appun\.m2\repository\org\seleniumhq\selenium\selenium-chrome-driver\4.38.0\selenium-chrome-driver-4.38.0.jar;C:\Users\appun\.m2\repository\com\google\auto\service\auto-service-annotations\1.1.1\auto-service-annotations-1.1.1.jar;C:\Users\appun\.m2\repository\org\seleniumhq\selenium\selenium-chromium-driver\4.38.0\selenium-chromium-driver-4.38.0.jar;C:\Users\appun\.m2\repository\org\seleniumhq\selenium\selenium-json\4.38.0\selenium-json-4.38.0.jar;C:\Users\appun\.m2\repository\org\seleniumhq\selenium\selenium-manager\4.38.0\selenium-manager-4.38.0.jar;C:\Users\appun\.m2\repository\org\seleniumhq\selenium\selenium-devtools-v140\4.38.0\selenium-devtools-v140-4.38.0.jar;C:\Users\appun\.m2\repository\org\seleniumhq\selenium\selenium-devtools-v141\4.38.0\selenium-devtools-v141-4.38.0.jar;C:\Users\appun\.m2\repository\org\seleniumhq\selenium\selenium-devtools-v142\4.38.0\selenium-devtools-v142-4.38.0.jar;C:\Users\appun\.m2\repository\org\seleniumhq\selenium\selenium-edge-driver\4.38.0\selenium-edge-driver-4.38.0.jar;C:\Users\appun\.m2\repository\org\seleniumhq\selenium\selenium-firefox-driver\4.38.0\selenium-firefox-driver-4.38.0.jar;C:\Users\appun\.m2\repository\org\seleniumhq\selenium\selenium-http\4.38.0\selenium-http-4.38.0.jar;C:\Users\appun\.m2\repository\org\seleniumhq\selenium\selenium-ie-driver\4.38.0\selenium-ie-driver-4.38.0.jar;C:\Users\appun\.m2\repository\org\seleniumhq\selenium\selenium-remote-driver\4.38.0\selenium-remote-driver-4.38.0.jar;C:\Users\appun\.m2\repository\com\google\guava\guava\33.5.0-jre\guava-33.5.0-jre.jar;C:\Users\appun\.m2\repository\com\google\guava\failureaccess\1.0.3\failureaccess-1.0.3.jar;C:\Users\appun\.m2\repository\com\google\guava\listenablefuture\9999.0-empty-to-avoid-conflict-with-guava\listenablefuture-9999.0-empty-to-avoid-conflict-with-guava.jar;C:\Users\appun\.m2\repository\com\google\errorprone\error_prone_annotations\2.41.0\error_prone_annotations-2.41.0.jar;C:\Users\appun\.m2\repository\com\google\j2objc\j2objc-annotations\3.1\j2objc-annotations-3.1.jar;C:\Users\appun\.m2\repository\io\opentelemetry\opentelemetry-api\1.55.0\opentelemetry-api-1.55.0.jar;C:\Users\appun\.m2\repository\io\opentelemetry\opentelemetry-context\1.55.0\opentelemetry-context-1.55.0.jar;C:\Users\appun\.m2\repository\io\opentelemetry\opentelemetry-common\1.55.0\opentelemetry-common-1.55.0.jar;C:\Users\appun\.m2\repository\io\opentelemetry\opentelemetry-exporter-logging\1.55.0\opentelemetry-exporter-logging-1.55.0.jar;C:\Users\appun\.m2\repository\io\opentelemetry\opentelemetry-sdk-common\1.55.0\opentelemetry-sdk-common-1.55.0.jar;C:\Users\appun\.m2\repository\io\opentelemetry\opentelemetry-sdk-extension-autoconfigure-spi\1.55.0\opentelemetry-sdk-extension-autoconfigure-spi-1.55.0.jar;C:\Users\appun\.m2\repository\io\opentelemetry\opentelemetry-sdk-extension-autoconfigure\1.55.0\opentelemetry-sdk-extension-autoconfigure-1.55.0.jar;C:\Users\appun\.m2\repository\io\opentelemetry\opentelemetry-sdk-trace\1.55.0\opentelemetry-sdk-trace-1.55.0.jar;C:\Users\appun\.m2\repository\io\opentelemetry\opentelemetry-sdk\1.55.0\opentelemetry-sdk-1.55.0.jar;C:\Users\appun\.m2\repository\io\opentelemetry\opentelemetry-sdk-metrics\1.55.0\opentelemetry-sdk-metrics-1.55.0.jar;C:\Users\appun\.m2\repository\io\opentelemetry\opentelemetry-sdk-logs\1.55.0\opentelemetry-sdk-logs-1.55.0.jar;C:\Users\appun\.m2\repository\net\bytebuddy\byte-buddy\1.17.8\byte-buddy-1.17.8.jar;C:\Users\appun\.m2\repository\org\seleniumhq\selenium\selenium-os\4.38.0\selenium-os-4.38.0.jar;C:\Users\appun\.m2\repository\org\apache\commons\commons-exec\1.5.0\commons-exec-1.5.0.jar;C:\Users\appun\.m2\repository\org\seleniumhq\selenium\selenium-safari-driver\4.38.0\selenium-safari-driver-4.38.0.jar;C:\Users\appun\.m2\repository\org\seleniumhq\selenium\selenium-support\4.38.0\selenium-support-4.38.0.jar;C:\Users\appun\.m2\repository\junit\junit\4.13.2\junit-4.13.2.jar;C:\Users\appun\.m2\repository\org\hamcrest\hamcrest-core\1.3\hamcrest-core-1.3.jar;C:\Users\appun\.m2\repository\io\github\bonigarcia\webdrivermanager\5.8.0\webdrivermanager-5.8.0.jar;C:\Users\appun\.m2\repository\org\slf4j\slf4j-api\2.0.12\slf4j-api-2.0.12.jar;C:\Users\appun\.m2\repository\com\google\code\gson\gson\2.10.1\gson-2.10.1.jar;C:\Users\appun\.m2\repository\com\github\docker-java\docker-java\3.3.6\docker-java-3.3.6.jar;C:\Users\appun\.m2\repository\com\github\docker-java\docker-java-core\3.3.6\docker-java-core-3.3.6.jar;C:\Users\appun\.m2\repository\com\github\docker-java\docker-java-api\3.3.6\docker-java-api-3.3.6.jar;C:\Users\appun\.m2\repository\com\fasterxml\jackson\core\jackson-annotations\2.10.3\jackson-annotations-2.10.3.jar;C:\Users\appun\.m2\repository\com\fasterxml\jackson\core\jackson-databind\2.10.3\jackson-databind-2.10.3.jar;C:\Users\appun\.m2\repository\com\fasterxml\jackson\core\jackson-core\2.10.3\jackson-core-2.10.3.jar;C:\Users\appun\.m2\repository\org\bouncycastle\bcpkix-jdk18on\1.76\bcpkix-jdk18on-1.76.jar;C:\Users\appun\.m2\repository\org\bouncycastle\bcprov-jdk18on\1.76\bcprov-jdk18on-1.76.jar;C:\Users\appun\.m2\repository\org\bouncycastle\bcutil-jdk18on\1.76\bcutil-jdk18on-1.76.jar;C:\Users\appun\.m2\repository\org\slf4j\jcl-over-slf4j\1.7.30\jcl-over-slf4j-1.7.30.jar;C:\Users\appun\.m2\repository\com\github\docker-java\docker-java-transport-httpclient5\3.3.6\docker-java-transport-httpclient5-3.3.6.jar;C:\Users\appun\.m2\repository\com\github\docker-java\docker-java-transport\3.3.6\docker-java-transport-3.3.6.jar;C:\Users\appun\.m2\repository\net\java\dev\jna\jna\5.13.0\jna-5.13.0.jar;C:\Users\appun\.m2\repository\org\brotli\dec\0.1.2\dec-0.1.2.jar;C:\Users\appun\.m2\repository\org\apache\commons\commons-lang3\3.14.0\commons-lang3-3.14.0.jar;C:\Users\appun\.m2\repository\org\apache\commons\commons-compress\1.26.1\commons-compress-1.26.1.jar;C:\Users\appun\.m2\repository\commons-codec\commons-codec\1.16.1\commons-codec-1.16.1.jar;C:\Users\appun\.m2\repository\commons-io\commons-io\2.15.1\commons-io-2.15.1.jar;C:\Users\appun\.m2\repository\org\apache\httpcomponents\client5\httpclient5\5.2.1\httpclient5-5.2.1.jar;C:\Users\appun\.m2\repository\org\apache\httpcomponents\core5\httpcore5\5.2\httpcore5-5.2.jar;C:\Users\appun\.m2\repository\org\apache\httpcomponents\core5\httpcore5-h2\5.2\httpcore5-h2-5.2.jar;C:\Users\appun\.m2\repository\io\cucumber\cucumber-junit\7.18.1\cucumber-junit-7.18.1.jar;C:\Users\appun\.m2\repository\org\apiguardian\apiguardian-api\1.1.2\apiguardian-api-1.1.2.jar;C:\Users\appun\.m2\repository\io\cucumber\cucumber-core\7.18.1\cucumber-core-7.18.1.jar;C:\Users\appun\.m2\repository\io\cucumber\cucumber-gherkin\7.18.1\cucumber-gherkin-7.18.1.jar;C:\Users\appun\.m2\repository\io\cucumber\cucumber-gherkin-messages\7.18.1\cucumber-gherkin-messages-7.18.1.jar;C:\Users\appun\.m2\repository\io\cucumber\gherkin\28.0.0\gherkin-28.0.0.jar;C:\Users\appun\.m2\repository\io\cucumber\messages\24.1.0\messages-24.1.0.jar;C:\Users\appun\.m2\repository\io\cucumber\testng-xml-formatter\0.2.0\testng-xml-formatter-0.2.0.jar;C:\Users\appun\.m2\repository\io\cucumber\query\12.2.0\query-12.2.0.jar;C:\Users\appun\.m2\repository\io\cucumber\tag-expressions\6.1.0\tag-expressions-6.1.0.jar;C:\Users\appun\.m2\repository\io\cucumber\cucumber-expressions\17.1.0\cucumber-expressions-17.1.0.jar;C:\Users\appun\.m2\repository\io\cucumber\datatable\7.18.1\datatable-7.18.1.jar;C:\Users\appun\.m2\repository\io\cucumber\cucumber-plugin\7.18.1\cucumber-plugin-7.18.1.jar;C:\Users\appun\.m2\repository\io\cucumber\docstring\7.18.1\docstring-7.18.1.jar;C:\Users\appun\.m2\repository\io\cucumber\html-formatter\21.4.1\html-formatter-21.4.1.jar;C:\Users\appun\.m2\repository\io\cucumber\junit-xml-formatter\0.5.0\junit-xml-formatter-0.5.0.jar;C:\Users\appun\.m2\repository\io\cucumber\ci-environment\10.0.1\ci-environment-10.0.1.jar;C:\Users\appun\.m2\repository\io\cucumber\cucumber-java\7.18.1\cucumber-java-7.18.1.jar;"/>
    <property name="java.vm.vendor" value="Oracle Corporation"/>
    <property name="sun.arch.data.model" value="64"/>
    <property name="user.variant" value=""/>
    <property name="java.vendor.url" value="https://java.oracle.com/"/>
    <property name="user.timezone" value="America/Toronto"/>
    <property name="os.name" value="Windows 11"/>
    <property name="java.vm.specification.version" value="21"/>
    <property name="sun.java.launcher" value="SUN_STANDARD"/>
    <property name="user.country" value="CA"/>
    <property name="sun.boot.library.path" value="C:\Program Files\Java\jdk-21\bin"/>
    <property name="sun.java.command" value="C:\Users\appun\AppData\Local\Temp\surefire14687381128016257191\surefirebooter-20251125135427595_3.jar C:\Users\appun\AppData\Local\Temp\surefire14687381128016257191 2025-11-25T13-54-27_457-jvmRun1 surefire-20251125135427595_1tmp surefire_0-20251125135427595_2tmp"/>
    <property name="jdk.debug" value="release"/>
    <property name="surefire.test.class.path" value="C:\Users\appun\eclipse-workspace\ScotiaBankProject\target\test-classes;C:\Users\appun\eclipse-workspace\ScotiaBankProject\target\classes;C:\Users\appun\.m2\repository\org\seleniumhq\selenium\selenium-java\4.38.0\selenium-java-4.38.0.jar;C:\Users\appun\.m2\repository\org\seleniumhq\selenium\selenium-api\4.38.0\selenium-api-4.38.0.jar;C:\Users\appun\.m2\repository\org\jspecify\jspecify\1.0.0\jspecify-1.0.0.jar;C:\Users\appun\.m2\repository\org\seleniumhq\selenium\selenium-chrome-driver\4.38.0\selenium-chrome-driver-4.38.0.jar;C:\Users\appun\.m2\repository\com\google\auto\service\auto-service-annotations\1.1.1\auto-service-annotations-1.1.1.jar;C:\Users\appun\.m2\repository\org\seleniumhq\selenium\selenium-chromium-driver\4.38.0\selenium-chromium-driver-4.38.0.jar;C:\Users\appun\.m2\repository\org\seleniumhq\selenium\selenium-json\4.38.0\selenium-json-4.38.0.jar;C:\Users\appun\.m2\repository\org\seleniumhq\selenium\selenium-manager\4.38.0\selenium-manager-4.38.0.jar;C:\Users\appun\.m2\repository\org\seleniumhq\selenium\selenium-devtools-v140\4.38.0\selenium-devtools-v140-4.38.0.jar;C:\Users\appun\.m2\repository\org\seleniumhq\selenium\selenium-devtools-v141\4.38.0\selenium-devtools-v141-4.38.0.jar;C:\Users\appun\.m2\repository\org\seleniumhq\selenium\selenium-devtools-v142\4.38.0\selenium-devtools-v142-4.38.0.jar;C:\Users\appun\.m2\repository\org\seleniumhq\selenium\selenium-edge-driver\4.38.0\selenium-edge-driver-4.38.0.jar;C:\Users\appun\.m2\repository\org\seleniumhq\selenium\selenium-firefox-driver\4.38.0\selenium-firefox-driver-4.38.0.jar;C:\Users\appun\.m2\repository\org\seleniumhq\selenium\selenium-http\4.38.0\selenium-http-4.38.0.jar;C:\Users\appun\.m2\repository\org\seleniumhq\selenium\selenium-ie-driver\4.38.0\selenium-ie-driver-4.38.0.jar;C:\Users\appun\.m2\repository\org\seleniumhq\selenium\selenium-remote-driver\4.38.0\selenium-remote-driver-4.38.0.jar;C:\Users\appun\.m2\repository\com\google\guava\guava\33.5.0-jre\guava-33.5.0-jre.jar;C:\Users\appun\.m2\repository\com\google\guava\failureaccess\1.0.3\failureaccess-1.0.3.jar;C:\Users\appun\.m2\repository\com\google\guava\listenablefuture\9999.0-empty-to-avoid-conflict-with-guava\listenablefuture-9999.0-empty-to-avoid-conflict-with-guava.jar;C:\Users\appun\.m2\repository\com\google\errorprone\error_prone_annotations\2.41.0\error_prone_annotations-2.41.0.jar;C:\Users\appun\.m2\repository\com\google\j2objc\j2objc-annotations\3.1\j2objc-annotations-3.1.jar;C:\Users\appun\.m2\repository\io\opentelemetry\opentelemetry-api\1.55.0\opentelemetry-api-1.55.0.jar;C:\Users\appun\.m2\repository\io\opentelemetry\opentelemetry-context\1.55.0\opentelemetry-context-1.55.0.jar;C:\Users\appun\.m2\repository\io\opentelemetry\opentelemetry-common\1.55.0\opentelemetry-common-1.55.0.jar;C:\Users\appun\.m2\repository\io\opentelemetry\opentelemetry-exporter-logging\1.55.0\opentelemetry-exporter-logging-1.55.0.jar;C:\Users\appun\.m2\repository\io\opentelemetry\opentelemetry-sdk-common\1.55.0\opentelemetry-sdk-common-1.55.0.jar;C:\Users\appun\.m2\repository\io\opentelemetry\opentelemetry-sdk-extension-autoconfigure-spi\1.55.0\opentelemetry-sdk-extension-autoconfigure-spi-1.55.0.jar;C:\Users\appun\.m2\repository\io\opentelemetry\opentelemetry-sdk-extension-autoconfigure\1.55.0\opentelemetry-sdk-extension-autoconfigure-1.55.0.jar;C:\Users\appun\.m2\repository\io\opentelemetry\opentelemetry-sdk-trace\1.55.0\opentelemetry-sdk-trace-1.55.0.jar;C:\Users\appun\.m2\repository\io\opentelemetry\opentelemetry-sdk\1.55.0\opentelemetry-sdk-1.55.0.jar;C:\Users\appun\.m2\repository\io\opentelemetry\opentelemetry-sdk-metrics\1.55.0\opentelemetry-sdk-metrics-1.55.0.jar;C:\Users\appun\.m2\repository\io\opentelemetry\opentelemetry-sdk-logs\1.55.0\opentelemetry-sdk-logs-1.55.0.jar;C:\Users\appun\.m2\repository\net\bytebuddy\byte-buddy\1.17.8\byte-buddy-1.17.8.jar;C:\Users\appun\.m2\repository\org\seleniumhq\selenium\selenium-os\4.38.0\selenium-os-4.38.0.jar;C:\Users\appun\.m2\repository\org\apache\commons\commons-exec\1.5.0\commons-exec-1.5.0.jar;C:\Users\appun\.m2\repository\org\seleniumhq\selenium\selenium-safari-driver\4.38.0\selenium-safari-driver-4.38.0.jar;C:\Users\appun\.m2\repository\org\seleniumhq\selenium\selenium-support\4.38.0\selenium-support-4.38.0.jar;C:\Users\appun\.m2\repository\junit\junit\4.13.2\junit-4.13.2.jar;C:\Users\appun\.m2\repository\org\hamcrest\hamcrest-core\1.3\hamcrest-core-1.3.jar;C:\Users\appun\.m2\repository\io\github\bonigarcia\webdrivermanager\5.8.0\webdrivermanager-5.8.0.jar;C:\Users\appun\.m2\repository\org\slf4j\slf4j-api\2.0.12\slf4j-api-2.0.12.jar;C:\Users\appun\.m2\repository\com\google\code\gson\gson\2.10.1\gson-2.10.1.jar;C:\Users\appun\.m2\repository\com\github\docker-java\docker-java\3.3.6\docker-java-3.3.6.jar;C:\Users\appun\.m2\repository\com\github\docker-java\docker-java-core\3.3.6\docker-java-core-3.3.6.jar;C:\Users\appun\.m2\repository\com\github\docker-java\docker-java-api\3.3.6\docker-java-api-3.3.6.jar;C:\Users\appun\.m2\repository\com\fasterxml\jackson\core\jackson-annotations\2.10.3\jackson-annotations-2.10.3.jar;C:\Users\appun\.m2\repository\com\fasterxml\jackson\core\jackson-databind\2.10.3\jackson-databind-2.10.3.jar;C:\Users\appun\.m2\repository\com\fasterxml\jackson\core\jackson-core\2.10.3\jackson-core-2.10.3.jar;C:\Users\appun\.m2\repository\org\bouncycastle\bcpkix-jdk18on\1.76\bcpkix-jdk18on-1.76.jar;C:\Users\appun\.m2\repository\org\bouncycastle\bcprov-jdk18on\1.76\bcprov-jdk18on-1.76.jar;C:\Users\appun\.m2\repository\org\bouncycastle\bcutil-jdk18on\1.76\bcutil-jdk18on-1.76.jar;C:\Users\appun\.m2\repository\org\slf4j\jcl-over-slf4j\1.7.30\jcl-over-slf4j-1.7.30.jar;C:\Users\appun\.m2\repository\com\github\docker-java\docker-java-transport-httpclient5\3.3.6\docker-java-transport-httpclient5-3.3.6.jar;C:\Users\appun\.m2\repository\com\github\docker-java\docker-java-transport\3.3.6\docker-java-transport-3.3.6.jar;C:\Users\appun\.m2\repository\net\java\dev\jna\jna\5.13.0\jna-5.13.0.jar;C:\Users\appun\.m2\repository\org\brotli\dec\0.1.2\dec-0.1.2.jar;C:\Users\appun\.m2\repository\org\apache\commons\commons-lang3\3.14.0\commons-lang3-3.14.0.jar;C:\Users\appun\.m2\repository\org\apache\commons\commons-compress\1.26.1\commons-compress-1.26.1.jar;C:\Users\appun\.m2\repository\commons-codec\commons-codec\1.16.1\commons-codec-1.16.1.jar;C:\Users\appun\.m2\repository\commons-io\commons-io\2.15.1\commons-io-2.15.1.jar;C:\Users\appun\.m2\repository\org\apache\httpcomponents\client5\httpclient5\5.2.1\httpclient5-5.2.1.jar;C:\Users\appun\.m2\repository\org\apache\httpcomponents\core5\httpcore5\5.2\httpcore5-5.2.jar;C:\Users\appun\.m2\repository\org\apache\httpcomponents\core5\httpcore5-h2\5.2\httpcore5-h2-5.2.jar;C:\Users\appun\.m2\repository\io\cucumber\cucumber-junit\7.18.1\cucumber-junit-7.18.1.jar;C:\Users\appun\.m2\repository\org\apiguardian\apiguardian-api\1.1.2\apiguardian-api-1.1.2.jar;C:\Users\appun\.m2\repository\io\cucumber\cucumber-core\7.18.1\cucumber-core-7.18.1.jar;C:\Users\appun\.m2\repository\io\cucumber\cucumber-gherkin\7.18.1\cucumber-gherkin-7.18.1.jar;C:\Users\appun\.m2\repository\io\cucumber\cucumber-gherkin-messages\7.18.1\cucumber-gherkin-messages-7.18.1.jar;C:\Users\appun\.m2\repository\io\cucumber\gherkin\28.0.0\gherkin-28.0.0.jar;C:\Users\appun\.m2\repository\io\cucumber\messages\24.1.0\messages-24.1.0.jar;C:\Users\appun\.m2\repository\io\cucumber\testng-xml-formatter\0.2.0\testng-xml-formatter-0.2.0.jar;C:\Users\appun\.m2\repository\io\cucumber\query\12.2.0\query-12.2.0.jar;C:\Users\appun\.m2\repository\io\cucumber\tag-expressions\6.1.0\tag-expressions-6.1.0.jar;C:\Users\appun\.m2\repository\io\cucumber\cucumber-expressions\17.1.0\cucumber-expressions-17.1.0.jar;C:\Users\appun\.m2\repository\io\cucumber\datatable\7.18.1\datatable-7.18.1.jar;C:\Users\appun\.m2\repository\io\cucumber\cucumber-plugin\7.18.1\cucumber-plugin-7.18.1.jar;C:\Users\appun\.m2\repository\io\cucumber\docstring\7.18.1\docstring-7.18.1.jar;C:\Users\appun\.m2\repository\io\cucumber\html-formatter\21.4.1\html-formatter-21.4.1.jar;C:\Users\appun\.m2\repository\io\cucumber\junit-xml-formatter\0.5.0\junit-xml-formatter-0.5.0.jar;C:\Users\appun\.m2\repository\io\cucumber\ci-environment\10.0.1\ci-environment-10.0.1.jar;C:\Users\appun\.m2\repository\io\cucumber\cucumber-java\7.18.1\cucumber-java-7.18.1.jar;"/>
    <property name="sun.cpu.endian" value="little"/>
    <property name="user.home" value="C:\Users\appun"/>
    <property name="user.language" value="en"/>
    <property name="java.specification.vendor" value="Oracle Corporation"/>
    <property name="java.version.date" value="2025-04-15"/>
    <property name="java.home" value="C:\Program Files\Java\jdk-21"/>
    <property name="file.separator" value="\"/>
    <property name="basedir" value="C:\Users\appun\eclipse-workspace\ScotiaBankProject"/>
    <property name="java.vm.compressedOopsMode" value="Zero based"/>
    <property name="line.separator" value="&#10;"/>
    <property name="java.vm.specification.vendor" value="Oracle Corporation"/>
    <property name="java.specification.name" value="Java Platform API Specification"/>
    <property name="surefire.real.class.path" value="C:\Users\appun\AppData\Local\Temp\surefire14687381128016257191\surefirebooter-20251125135427595_3.jar"/>
    <property name="user.script" value=""/>
    <property name="sun.management.compiler" value="HotSpot 64-Bit Tiered Compilers"/>
    <property name="java.runtime.version" value="21.0.7+8-LTS-245"/>
    <property name="user.name" value="appun"/>
    <property name="stdout.encoding" value="Cp1252"/>
    <property name="path.separator" value=";"/>
    <property name="os.version" value="10.0"/>
    <property name="java.runtime.name" value="Java(TM) SE Runtime Environment"/>
    <property name="file.encoding" value="UTF-8"/>
    <property name="java.vm.name" value="Java HotSpot(TM) 64-Bit Server VM"/>
    <property name="localRepository" value="C:\Users\appun\.m2\repository"/>
    <property name="java.vendor.url.bug" value="https://bugreport.java.com/bugreport/"/>
    <property name="java.io.tmpdir" value="C:\Users\appun\AppData\Local\Temp\"/>
    <property name="java.version" value="21.0.7"/>
    <property name="user.dir" value="C:\Users\appun\eclipse-workspace\ScotiaBankProject"/>
    <property name="os.arch" value="amd64"/>
    <property name="java.vm.specification.name" value="Java Virtual Machine Specification"/>
    <property name="sun.os.patch.level" value=""/>
    <property name="native.encoding" value="Cp1252"/>
    <property name="java.library.path" value="C:\Program Files\Java\jdk-21\bin;C:\WINDOWS\Sun\Java\bin;C:\WINDOWS\system32;C:\WINDOWS;C:\Program Files\Common Files\Oracle\Java\javapath;C:\WINDOWS\system32;C:\WINDOWS;C:\WINDOWS\System32\Wbem;C:\WINDOWS\System32\WindowsPowerShell\v1.0\;C:\WINDOWS\System32\OpenSSH\;C:\Program Files\MATLAB\R2024b\bin;C:\Program Files\Git\cmd;C:\Program Files\nodejs\;C:\Users\appun\Desktop\extract\apache-maven-3.9.11\bin;C:\Users\appun\Desktop\extract\apache-tomcat-10.1.49\bin;C:\Program Files\Java\jdk-21\bin;C:\Program Files\MySQL\MySQL Shell 8.0\bin\;C:\Users\appun\anaconda3;C:\Users\appun\anaconda3\Library\mingw-w64\bin;C:\Users\appun\anaconda3\Library\usr\bin;C:\Users\appun\anaconda3\Library\bin;C:\Users\appun\anaconda3\Scripts;C:\Users\appun\AppData\Local\Microsoft\WindowsApps;C:\Users\appun\AppData\Local\Programs\Microsoft VS Code\bin;C:\Users\appun\AppData\Roaming\npm;."/>
    <property name="java.vm.info" value="mixed mode, sharing"/>
    <property name="stderr.encoding" value="Cp1252"/>
    <property name="java.vendor" value="Oracle Corporation"/>
    <property name="java.vm.version" value="21.0.7+8-LTS-245"/>
    <property name="sun.io.unicode.encoding" value="UnicodeLittle"/>
    <property name="java.class.version" value="65.0"/>
  </properties>
  <testcase name="Verify submenu item displayed under Bank Accounts" classname="As a customer" time="10.67">
    <error message="element not interactable: https://www.scotiabank.com/ca/en/personal/bank-accounts/chequing-accounts.html has no size and location&#10;  (Session info: chrome=142.0.7444.176)&#10;Build info: version: &apos;4.38.0&apos;, revision: &apos;6b412e825c*&apos;&#10;System info: os.name: &apos;Windows 11&apos;, os.arch: &apos;amd64&apos;, os.version: &apos;10.0&apos;, java.version: &apos;21.0.7&apos;&#10;Driver info: org.openqa.selenium.chrome.ChromeDriver&#10;Command: [13ec09792e99d9d89bb07f1745cc8f6e, actions {actions=[org.openqa.selenium.interactions.Sequence@6f139fc9]}]&#10;Capabilities {acceptInsecureCerts: false, browserName: chrome, browserVersion: 142.0.7444.176, chrome: {chromedriverVersion: 142.0.7444.175 (302067f14a4..., userDataDir: C:\Users\appun\AppData\Loca...}, fedcm:accounts: true, goog:chromeOptions: {debuggerAddress: localhost:50752}, goog:processID: 7676, networkConnectionEnabled: false, pageLoadStrategy: normal, platformName: windows, proxy: Proxy(), se:cdp: ws://localhost:50752/devtoo..., se:cdpVersion: 142.0.7444.176, setWindowRect: true, strictFileInteractability: false, timeouts: {implicit: 0, pageLoad: 300000, script: 30000}, unhandledPromptBehavior: dismiss and notify, webauthn:extension:credBlob: true, webauthn:extension:largeBlob: true, webauthn:extension:minPinLength: true, webauthn:extension:prf: true, webauthn:virtualAuthenticators: true}&#10;Session ID: 13ec09792e99d9d89bb07f1745cc8f6e" type="org.openqa.selenium.ElementNotInteractableException"><![CDATA[org.openqa.selenium.ElementNotInteractableException: 
element not interactable: https://www.scotiabank.com/ca/en/personal/bank-accounts/chequing-accounts.html has no size and location
  (Session info: chrome=142.0.7444.176)
Build info: version: '4.38.0', revision: '6b412e825c*'
System info: os.name: 'Windows 11', os.arch: 'amd64', os.version: '10.0', java.version: '21.0.7'
Driver info: org.openqa.selenium.chrome.ChromeDriver
Command: [13ec09792e99d9d89bb07f1745cc8f6e, actions {actions=[org.openqa.selenium.interactions.Sequence@6f139fc9]}]
Capabilities {acceptInsecureCerts: false, browserName: chrome, browserVersion: 142.0.7444.176, chrome: {chromedriverVersion: 142.0.7444.175 (302067f14a4..., userDataDir: C:\Users\appun\AppData\Loca...}, fedcm:accounts: true, goog:chromeOptions: {debuggerAddress: localhost:50752}, goog:processID: 7676, networkConnectionEnabled: false, pageLoadStrategy: normal, platformName: windows, proxy: Proxy(), se:cdp: ws://localhost:50752/devtoo..., se:cdpVersion: 142.0.7444.176, setWindowRect: true, strictFileInteractability: false, timeouts: {implicit: 0, pageLoad: 300000, script: 30000}, unhandledPromptBehavior: dismiss and notify, webauthn:extension:credBlob: true, webauthn:extension:largeBlob: true, webauthn:extension:minPinLength: true, webauthn:extension:prf: true, webauthn:virtualAuthenticators: true}
Session ID: 13ec09792e99d9d89bb07f1745cc8f6e
	at java.base/jdk.internal.reflect.DirectConstructorHandleAccessor.newInstance(DirectConstructorHandleAccessor.java:62)
	at java.base/java.lang.reflect.Constructor.newInstanceWithCaller(Constructor.java:502)
	at java.base/java.lang.reflect.Constructor.newInstance(Constructor.java:486)
	at org.openqa.selenium.remote.ErrorCodec.decode(ErrorCodec.java:167)
	at org.openqa.selenium.remote.codec.w3c.W3CHttpResponseCodec.decode(W3CHttpResponseCodec.java:138)
	at org.openqa.selenium.remote.codec.w3c.W3CHttpResponseCodec.decode(W3CHttpResponseCodec.java:50)
	at org.openqa.selenium.remote.HttpCommandExecutor.execute(HttpCommandExecutor.java:215)
	at org.openqa.selenium.remote.service.DriverCommandExecutor.invokeExecute(DriverCommandExecutor.java:216)
	at org.openqa.selenium.remote.service.DriverCommandExecutor.execute(DriverCommandExecutor.java:174)
	at org.openqa.selenium.remote.RemoteWebDriver.execute(RemoteWebDriver.java:557)
	at org.openqa.selenium.remote.RemoteWebDriver.perform(RemoteWebDriver.java:647)
	at org.openqa.selenium.interactions.Actions$BuiltAction.perform(Actions.java:616)
	at org.openqa.selenium.interactions.Actions.perform(Actions.java:581)
	at com.fdmgroup.stepdefinitions.BankAccNavigation_Stedef.user_clicks_on_from_the_dropdown(BankAccNavigation_Stedef.java:44)
	at ✽.user clicks on "Chequing accounts" from the dropdown(file:///C:/Users/appun/eclipse-workspace/ScotiaBankProject/src/test/resources/Features/F1_BankAccountsNavigation.feature:13)
]]></error>
    <system-out><![CDATA[
Scenario: Verify submenu item displayed under Bank Accounts                                                               # src/test/resources/Features/F1_BankAccountsNavigation.feature:11
  Given user is on the Scotiabank Personal Banking home page                                                              # com.fdmgroup.stepdefinitions.BankAccNavigation_Stedef.user_is_on_the_scotiabank_personal_banking_home_page()
  And Scotiabank logo is displayed                                                                                        # com.fdmgroup.stepdefinitions.BankAccNavigation_Stedef.scotiabank_logo_is_displayed()
  When user hovers mouse over the "Bank Accounts" menu option                                                             # com.fdmgroup.stepdefinitions.BankAccNavigation_Stedef.user_hovers_mouse_over_the_menu_option(java.lang.String)
  And user clicks on "Chequing accounts" from the dropdown                                                                # com.fdmgroup.stepdefinitions.BankAccNavigation_Stedef.user_clicks_on_from_the_dropdown(java.lang.String)
      org.openqa.selenium.ElementNotInteractableException: element not interactable: https://www.scotiabank.com/ca/en/personal/bank-accounts/chequing-accounts.html has no size and location
  (Session info: chrome=142.0.7444.176)
Build info: version: '4.38.0', revision: '6b412e825c*'
System info: os.name: 'Windows 11', os.arch: 'amd64', os.version: '10.0', java.version: '21.0.7'
Driver info: org.openqa.selenium.chrome.ChromeDriver
Command: [13ec09792e99d9d89bb07f1745cc8f6e, actions {actions=[org.openqa.selenium.interactions.Sequence@6f139fc9]}]
Capabilities {acceptInsecureCerts: false, browserName: chrome, browserVersion: 142.0.7444.176, chrome: {chromedriverVersion: 142.0.7444.175 (302067f14a4..., userDataDir: C:\Users\appun\AppData\Loca...}, fedcm:accounts: true, goog:chromeOptions: {debuggerAddress: localhost:50752}, goog:processID: 7676, networkConnectionEnabled: false, pageLoadStrategy: normal, platformName: windows, proxy: Proxy(), se:cdp: ws://localhost:50752/devtoo..., se:cdpVersion: 142.0.7444.176, setWindowRect: true, strictFileInteractability: false, timeouts: {implicit: 0, pageLoad: 300000, script: 30000}, unhandledPromptBehavior: dismiss and notify, webauthn:extension:credBlob: true, webauthn:extension:largeBlob: true, webauthn:extension:minPinLength: true, webauthn:extension:prf: true, webauthn:virtualAuthenticators: true}
Session ID: 13ec09792e99d9d89bb07f1745cc8f6e
	at java.base/jdk.internal.reflect.DirectConstructorHandleAccessor.newInstance(DirectConstructorHandleAccessor.java:62)
	at java.base/java.lang.reflect.Constructor.newInstanceWithCaller(Constructor.java:502)
	at java.base/java.lang.reflect.Constructor.newInstance(Constructor.java:486)
	at org.openqa.selenium.remote.ErrorCodec.decode(ErrorCodec.java:167)
	at org.openqa.selenium.remote.codec.w3c.W3CHttpResponseCodec.decode(W3CHttpResponseCodec.java:138)
	at org.openqa.selenium.remote.codec.w3c.W3CHttpResponseCodec.decode(W3CHttpResponseCodec.java:50)
	at org.openqa.selenium.remote.HttpCommandExecutor.execute(HttpCommandExecutor.java:215)
	at org.openqa.selenium.remote.service.DriverCommandExecutor.invokeExecute(DriverCommandExecutor.java:216)
	at org.openqa.selenium.remote.service.DriverCommandExecutor.execute(DriverCommandExecutor.java:174)
	at org.openqa.selenium.remote.RemoteWebDriver.execute(RemoteWebDriver.java:557)
	at org.openqa.selenium.remote.RemoteWebDriver.perform(RemoteWebDriver.java:647)
	at org.openqa.selenium.interactions.Actions$BuiltAction.perform(Actions.java:616)
	at org.openqa.selenium.interactions.Actions.perform(Actions.java:581)
	at com.fdmgroup.stepdefinitions.BankAccNavigation_Stedef.user_clicks_on_from_the_dropdown(BankAccNavigation_Stedef.java:44)
	at ✽.user clicks on "Chequing accounts" from the dropdown(file:///C:/Users/appun/eclipse-workspace/ScotiaBankProject/src/test/resources/Features/F1_BankAccountsNavigation.feature:13)

  Then user should be navigated to the Chequing Accounts page with title containing "Discover Scotia's chequing accounts" # com.fdmgroup.stepdefinitions.BankAccNavigation_Stedef.user_should_be_navigated_to_the_chequing_accounts_page_with_title_containing(java.lang.String)
]]></system-out>
    <system-err><![CDATA[SLF4J(W): No SLF4J providers were found.
SLF4J(W): Defaulting to no-operation (NOP) logger implementation
SLF4J(W): See https://www.slf4j.org/codes.html#noProviders for further details.
]]></system-err>
  </testcase>
  <testcase name="Apply as a new customer and reach eligibility message" classname="As a customer" time="27.062">
    <system-out><![CDATA[
Scenario: Apply as a new customer and reach eligibility message                       # src/test/resources/Features/F1_BankAccountsNavigation.feature:16
  Given user is on the Scotiabank Personal Banking home page                          # com.fdmgroup.stepdefinitions.BankAccNavigation_Stedef.user_is_on_the_scotiabank_personal_banking_home_page()
  And Scotiabank logo is displayed                                                    # com.fdmgroup.stepdefinitions.BankAccNavigation_Stedef.scotiabank_logo_is_displayed()
  When user hovers mouse over the "Bank Accounts" menu option                         # com.fdmgroup.stepdefinitions.BankAccNavigation_Stedef.user_hovers_mouse_over_the_menu_option(java.lang.String)
  And user clicks on "Chequing accounts" from the dropdown                            # com.fdmgroup.stepdefinitions.BankAccNavigation_Stedef.user_clicks_on_from_the_dropdown(java.lang.String)
  And user clicks "Open an account" on the "Ultimate Package"                         # com.fdmgroup.stepdefinitions.BankAccNavigation_Stedef.user_clicks_on_the(java.lang.String,java.lang.String)
  And user selects "No" on the application question                                   # com.fdmgroup.stepdefinitions.BankAccNavigation_Stedef.user_selects_on_the_application_question(java.lang.String)
  Then "Apply as a new customer" button should be displayed                           # com.fdmgroup.stepdefinitions.BankAccNavigation_Stedef.button_should_be_displayed(java.lang.String)
  When user clicks on "Apply as a new customer"                                       # com.fdmgroup.stepdefinitions.BankAccNavigation_Stedef.user_clicks_on(java.lang.String)
  Then the page header should contain "Are you a Canadian citizen?"                   # com.fdmgroup.stepdefinitions.BankAccNavigation_Stedef.the_page_header_should_contain(java.lang.String)
  When user selects "No" on the citizenship question                                  # com.fdmgroup.stepdefinitions.BankAccNavigation_Stedef.user_selects_on_the_citizenship_question(java.lang.String)
  And user selects immigration status "Other"                                         # com.fdmgroup.stepdefinitions.BankAccNavigation_Stedef.user_selects_immigration_status(java.lang.String)
  And user clicks "Continue"                                                          # com.fdmgroup.stepdefinitions.BankAccNavigation_Stedef.user_clicks(java.lang.String)
  Then the message "Sorry, we can’t complete your request online" should be displayed # com.fdmgroup.stepdefinitions.BankAccNavigation_Stedef.the_message_should_be_displayed(java.lang.String)
]]></system-out>
  </testcase>
  <testcase name="Navigation" classname="As a user" time="14.164">
    <system-out><![CDATA[
Scenario: Navigation                                            # src/test/resources/Features/F2_MortgageCalculator.feature:9
  Given user is on the Scotiabank Personal Banking home page    # com.fdmgroup.stepdefinitions.BankAccNavigation_Stedef.user_is_on_the_scotiabank_personal_banking_home_page()
  And Scotiabank logo is displayed                              # com.fdmgroup.stepdefinitions.BankAccNavigation_Stedef.scotiabank_logo_is_displayed()
  When user hovers mouse over the "Mortgages" menu option       # com.fdmgroup.stepdefinitions.BankAccNavigation_Stedef.user_hovers_mouse_over_the_menu_option(java.lang.String)
  And user clicks on "Mortgage calculator" from the dropdown    # com.fdmgroup.stepdefinitions.BankAccNavigation_Stedef.user_clicks_on_from_the_dropdown(java.lang.String)
  Then user should be navigated to the Mortgage Calculator page # com.fdmgroup.stepdefinitions.MortgageCalcStepDef.user_should_be_navigated_to_the_mortgage_calculator_page()
  And the page title should contain "Mortgage Calculator"       # com.fdmgroup.stepdefinitions.MortgageCalcStepDef.the_page_title_should_contain(java.lang.String)
]]></system-out>
  </testcase>
  <testcase name="Mortgage payment calculation" classname="As a user" time="17.667">
    <system-out><![CDATA[
Scenario: Mortgage payment calculation                       # src/test/resources/Features/F2_MortgageCalculator.feature:15
  Given user is on the Scotiabank Personal Banking home page # com.fdmgroup.stepdefinitions.BankAccNavigation_Stedef.user_is_on_the_scotiabank_personal_banking_home_page()
  And Scotiabank logo is displayed                           # com.fdmgroup.stepdefinitions.BankAccNavigation_Stedef.scotiabank_logo_is_displayed()
  Given user is on Mortgage page                             # com.fdmgroup.stepdefinitions.MortgageCalcStepDef.user_is_on_mortgage_page()
  And user selects payment frequency                         # com.fdmgroup.stepdefinitions.MortgageCalcStepDef.user_selects_payment_frequency()
  And user selects type of mortgage                          # com.fdmgroup.stepdefinitions.MortgageCalcStepDef.user_selects_type_of_mortgage()
  Then the monthly payment displayed should be correct       # com.fdmgroup.stepdefinitions.MortgageCalcStepDef.the_monthly_payment_displayed_should_be()
]]></system-out>
  </testcase>
  <testcase name="User navigates to the Sign-In page" classname="As a Scotiabank user" time="33.475">
    <system-out><![CDATA[
Scenario: User navigates to the Sign-In page                                           # src/test/resources/Features/F3_SignIn.feature:12
  Given user is on the Scotiabank Personal Banking home page                           # com.fdmgroup.stepdefinitions.BankAccNavigation_Stedef.user_is_on_the_scotiabank_personal_banking_home_page()
  And Scotiabank logo is displayed                                                     # com.fdmgroup.stepdefinitions.BankAccNavigation_Stedef.scotiabank_logo_is_displayed()
  When user clicks on "Sign In" button                                                 # com.fdmgroup.stepdefinitions.SignInStepDef.user_clicks_on_button(java.lang.String)
  Then user should be navigated to the Sign-In page with title containing "Welcome to" # com.fdmgroup.stepdefinitions.SignInStepDef.user_should_be_navigated_to_the_sign_in_page_with_title_containing(java.lang.String)
]]></system-out>
  </testcase>
  <testcase name="Sign-In validation error messages #1" classname="As a Scotiabank user" time="40.651">
    <system-out><![CDATA[
Scenario Outline: Sign-In validation error messages          # src/test/resources/Features/F3_SignIn.feature:25
  Given user is on the Scotiabank Personal Banking home page # com.fdmgroup.stepdefinitions.BankAccNavigation_Stedef.user_is_on_the_scotiabank_personal_banking_home_page()
  And Scotiabank logo is displayed                           # com.fdmgroup.stepdefinitions.BankAccNavigation_Stedef.scotiabank_logo_is_displayed()
  When user clicks on "Sign In" button                       # com.fdmgroup.stepdefinitions.SignInStepDef.user_clicks_on_button(java.lang.String)
  And user enters username ""                                # com.fdmgroup.stepdefinitions.SignInStepDef.user_enters_username(java.lang.String)
  And user enters password "test@123"                        # com.fdmgroup.stepdefinitions.SignInStepDef.user_enters_password(java.lang.String)
  And user clicks on Sign-In button                          # com.fdmgroup.stepdefinitions.SignInStepDef.user_clicks_on_sign_in_button()
]]></system-out>
  </testcase>
  <testcase name="Sign-In validation error messages #2" classname="As a Scotiabank user" time="40.731">
    <system-out><![CDATA[
Scenario Outline: Sign-In validation error messages          # src/test/resources/Features/F3_SignIn.feature:26
  Given user is on the Scotiabank Personal Banking home page # com.fdmgroup.stepdefinitions.BankAccNavigation_Stedef.user_is_on_the_scotiabank_personal_banking_home_page()
  And Scotiabank logo is displayed                           # com.fdmgroup.stepdefinitions.BankAccNavigation_Stedef.scotiabank_logo_is_displayed()
  When user clicks on "Sign In" button                       # com.fdmgroup.stepdefinitions.SignInStepDef.user_clicks_on_button(java.lang.String)
  And user enters username "wrongUser"                       # com.fdmgroup.stepdefinitions.SignInStepDef.user_enters_username(java.lang.String)
  And user enters password ""                                # com.fdmgroup.stepdefinitions.SignInStepDef.user_enters_password(java.lang.String)
  And user clicks on Sign-In button                          # com.fdmgroup.stepdefinitions.SignInStepDef.user_clicks_on_sign_in_button()
]]></system-out>
  </testcase>
  <testcase name="Sign-In validation error messages #3" classname="As a Scotiabank user" time="42.868">
    <system-out><![CDATA[
Scenario Outline: Sign-In validation error messages          # src/test/resources/Features/F3_SignIn.feature:27
  Given user is on the Scotiabank Personal Banking home page # com.fdmgroup.stepdefinitions.BankAccNavigation_Stedef.user_is_on_the_scotiabank_personal_banking_home_page()
  And Scotiabank logo is displayed                           # com.fdmgroup.stepdefinitions.BankAccNavigation_Stedef.scotiabank_logo_is_displayed()
  When user clicks on "Sign In" button                       # com.fdmgroup.stepdefinitions.SignInStepDef.user_clicks_on_button(java.lang.String)
  And user enters username "invalidUser"                     # com.fdmgroup.stepdefinitions.SignInStepDef.user_enters_username(java.lang.String)
  And user enters password "invalidPass"                     # com.fdmgroup.stepdefinitions.SignInStepDef.user_enters_password(java.lang.String)
  And user clicks on Sign-In button                          # com.fdmgroup.stepdefinitions.SignInStepDef.user_clicks_on_sign_in_button()
]]></system-out>
  </testcase>
</testsuite>